[33m√î√ò¬ª[39m Building...
[32m√î¬£√∂[39m Building...
Application bundle generation failed. [8.604 seconds] - 2025-12-11T09:00:49.170Z

√î√ª‚ñì [WARNING] NG8113: All imports are unused [plugin angular-compiler]

    src/app/components/Global-Components/navbar/navbar.component.ts:7:2:
      7 √î√∂√©   imports: [RouterLink],
        √î√≤√Å   ~~~~~~~


√î√ª‚ñì [WARNING] NG8113: AddButtonComponent is not used within the template of Matches [plugin angular-compiler]

    src/app/pages/Administrator/matches/matches.ts:18:4:
      18 √î√∂√©     AddButtonComponent
         √î√≤√Å     ~~~~~~~~~~~~~~~~~~


√î√ª‚ñì [WARNING] NG8113: AddButtonComponent is not used within the template of OrganizationsComponent [plugin angular-compiler]

    src/app/pages/Administrator/organizations/organizations.component.ts:19:4:
      19 √î√∂√©     AddButtonComponent,
         √î√≤√Å     ~~~~~~~~~~~~~~~~~~


√î√ª‚ñì [WARNING] NG8113: AddButtonComponent is not used within the template of VolunteersComponent [plugin angular-compiler]

    src/app/pages/Administrator/volunteers/volunteers.component.ts:19:4:
      19 √î√∂√©     AddButtonComponent,
         √î√≤√Å     ~~~~~~~~~~~~~~~~~~


X [ERROR] TS2339: Property 'name' does not exist on type 'Organization'. [plugin angular-compiler]

    src/app/pages/Administrator/organizations/organizations.component.html:31:58:
      31 √î√∂√©           @for (org of (organizations | async); track org.name) {
         √î√≤√Å                                                           ~~~~

  Error occurs in the template of component OrganizationsComponent.

    src/app/pages/Administrator/organizations/organizations.component.ts:23:15:
      23 √î√∂√©   templateUrl: './organizations.component.html',
         √î√≤√Å                ~~~~~~~~~~~~~~~~~~~~~~~~~~~~~~~~


X [ERROR] TS2339: Property 'name' does not exist on type 'Organization'. [plugin angular-compiler]

    src/app/pages/Administrator/organizations/organizations.component.html:34:28:
      34 √î√∂√©                 [name]="org.name"
         √î√≤√Å                             ~~~~

  Error occurs in the template of component OrganizationsComponent.

    src/app/pages/Administrator/organizations/organizations.component.ts:23:15:
      23 √î√∂√©   templateUrl: './organizations.component.html',
         √î√≤√Å                ~~~~~~~~~~~~~~~~~~~~~~~~~~~~~~~~


X [ERROR] TS2339: Property 'type' does not exist on type 'Organization'. [plugin angular-compiler]

    src/app/pages/Administrator/organizations/organizations.component.html:35:28:
      35 √î√∂√©                 [type]="org.type"
         √î√≤√Å                             ~~~~

  Error occurs in the template of component OrganizationsComponent.

    src/app/pages/Administrator/organizations/organizations.component.ts:23:15:
      23 √î√∂√©   templateUrl: './organizations.component.html',
         √î√≤√Å                ~~~~~~~~~~~~~~~~~~~~~~~~~~~~~~~~


X [ERROR] TS2339: Property 'location' does not exist on type 'Organization'. [plugin angular-compiler]

    src/app/pages/Administrator/organizations/organizations.component.html:36:32:
      36 √î√∂√©                 [location]="org.location"
         √î√≤√Å                                 ~~~~~~~~

  Error occurs in the template of component OrganizationsComponent.

    src/app/pages/Administrator/organizations/organizations.component.ts:23:15:
      23 √î√∂√©   templateUrl: './organizations.component.html',
         √î√≤√Å                ~~~~~~~~~~~~~~~~~~~~~~~~~~~~~~~~


X [ERROR] TS2551: Property 'description' does not exist on type 'Organization'. Did you mean 'descripcion'? [plugin angular-compiler]

    src/app/pages/Administrator/organizations/organizations.component.html:37:35:
      37 √î√∂√©                 [description]="org.description"
         √î√≤√Å                                    ~~~~~~~~~~~

  Error occurs in the template of component OrganizationsComponent.

    src/app/pages/Administrator/organizations/organizations.component.ts:23:15:
      23 √î√∂√©   templateUrl: './organizations.component.html',
         √î√≤√Å                ~~~~~~~~~~~~~~~~~~~~~~~~~~~~~~~~


X [ERROR] TS2339: Property 'tags' does not exist on type 'Organization'. [plugin angular-compiler]

    src/app/pages/Administrator/organizations/organizations.component.html:38:28:
      38 √î√∂√©                 [tags]="org.tags"
         √î√≤√Å                             ~~~~

  Error occurs in the template of component OrganizationsComponent.

    src/app/pages/Administrator/organizations/organizations.component.ts:23:15:
      23 √î√∂√©   templateUrl: './organizations.component.html',
         √î√≤√Å                ~~~~~~~~~~~~~~~~~~~~~~~~~~~~~~~~


