[33m‚ùØ[39m Building...
[32m‚úî[39m Building...
Application bundle generation failed. [7.422 seconds] - 2025-12-15T13:25:37.581Z

[1m[33m[33m‚ñ≤ [43;33m[[43;30mWARNING[43;33m][0m [1mNG8113: All imports are unused[0m [1m[35m[plugin angular-compiler][0m

    src/app/components/Global-Components/navbar/navbar.component.ts:7:2:
[37m      7 ‚îÇ   [32mimports[37m: [RouterLink],
        ‚ïµ   [32m~~~~~~~[0m


[33m‚ñ≤ [43;33m[[43;30mWARNING[43;33m][0m [1mNG8113: AddButtonComponent is not used within the template of Matches[0m [1m[35m[plugin angular-compiler][0m

    src/app/pages/Administrator/matches/matches.ts:18:4:
[37m      18 ‚îÇ     [32mAddButtonComponent[37m
         ‚ïµ     [32m~~~~~~~~~~~~~~~~~~[0m


[33m‚ñ≤ [43;33m[[43;30mWARNING[43;33m][0m [1mNG8113: AddButtonComponent is not used within the template of VolunteersComponent[0m [1m[35m[plugin angular-compiler][0m

    src/app/pages/Administrator/volunteers/volunteers.component.ts:21:4:
[37m      21 ‚îÇ     [32mAddButtonComponent[37m,
         ‚ïµ     [32m~~~~~~~~~~~~~~~~~~[0m

[39m[22m
[1m[31m[31mX [41;31m[[41;97mERROR[41;31m][0m [1mCould not resolve "C:\\Users\\jrenz\\Desktop\\DAM2\\COPIASEGURIDADINTER\\AplicacionWebGestionVoluntariadoJavi\\GestionVoluntariado\\src\\main.ts"[0m


[31mX [41;31m[[41;97mERROR[41;31m][0m [1mTS2307: Cannot find module './app.routes' or its corresponding type declarations.[0m [1m[35m[plugin angular-compiler][0m

    src/app/app.config.ts:5:23:
[37m      5 ‚îÇ import { routes } from [32m'./app.routes'[37m;
        ‚ïµ                        [32m~~~~~~~~~~~~~~[0m


[31mX [41;31m[[41;97mERROR[41;31m][0m [1mCould not resolve "src/styles.css"[0m

    angular:styles/global:styles:1:8:
[37m      1 ‚îÇ @import [32m'src/styles.css'[37m;
        ‚ïµ         [32m~~~~~~~~~~~~~~~~[0m

  You can mark the path "src/styles.css" as external to exclude it from the bundle, which will remove this error and leave the unresolved path in the bundle.

[39m[22m
